[fabacademy.org/2022/labs/cidi/students/jorge-roig/index.html]
[backblue.gif]
[fade.gif]
[index.html]
[fabacademy.org/2022/labs/cidi/students/jorge-roig/assets/stylesheets/main.2b4465f4.min.css]
[fabacademy.org/2022/labs/cidi/students/jorge-roig/assets/stylesheets/palette.e6a45f82.min.css]
[fabacademy.org/2022/labs/cidi/students/jorge-roig/.html]
[fabacademy.org/2022/labs/cidi/students/jorge-roig/images/week01/assignment-photo.jpg]
[fabacademy.org/2022/labs/cidi/students/jorge-roig/about/index.html]
[fabacademy.org/2022/labs/cidi/students/jorge-roig/assets/javascripts/bundle.960e086b.min.js]
[fabacademy.org/2022/labs/cidi/students/jorge-roig/index.html]
[fabacademy.org/2022/labs/cidi/students/jorge-roig/about/agreement/index.html]
[fabacademy.org/2022/labs/cidi/students/jorge-roig/assignments/week01/index.html]
[fabacademy.org/2022/labs/cidi/students/jorge-roig/projects/final-project/index.html]
[fabacademy.org/2022/labs/cidi/students/jorge-roig/images/favicon.svg]
[fabacademy.org/2022/labs/cidi/students/jorge-roig/assignments/week02/index.html]
[fabacademy.org/2022/labs/cidi/students/jorge-roig/assignments/week03/index.html]
[fabacademy.org/2022/labs/cidi/students/jorge-roig/assets/stylesheets/main.2b4465f4.min.css]
[fabacademy.org/2022/labs/cidi/students/jorge-roig/assignments/week04/index.html]
[fabacademy.org/2022/labs/cidi/students/jorge-roig/assignments/week05/index.html]
[fabacademy.org/2022/labs/cidi/students/jorge-roig/assignments/week06/index.html]
[fabacademy.org/2022/labs/cidi/students/jorge-roig/assets/stylesheets/palette.e6a45f82.min.css]
[fabacademy.org/2022/labs/cidi/students/jorge-roig/assignments/week07/index.html]
[fabacademy.org/2022/labs/cidi/students/jorge-roig/assignments/week08/index.html]
[fabacademy.org/2022/labs/cidi/students/jorge-roig/assignments/week09/index.html]
[fabacademy.org/2022/labs/cidi/students/jorge-roig/.html]
[fabacademy.org/2022/labs/cidi/students/jorge-roig/assignments/week10/index.html]
[fabacademy.org/2022/labs/cidi/students/jorge-roig/assignments/week11/index.html]
[fabacademy.org/2022/labs/cidi/students/jorge-roig/assignments/week12/index.html]
[fabacademy.org/2022/labs/cidi/students/jorge-roig/assignments/week13/index.html]
[fabacademy.org/2022/labs/cidi/students/jorge-roig/assignments/week14/index.html]
[fabacademy.org/2022/labs/cidi/students/jorge-roig/assignments/week15/index.html]
[fabacademy.org/2022/labs/cidi/students/jorge-roig/images/avatar-photo.jpg]
[fabacademy.org/2022/labs/cidi/students/jorge-roig/assignments/week16/index.html]
[fabacademy.org/2022/labs/cidi/students/jorge-roig/assignments/week18/index.html]
[fabacademy.org/2022/labs/cidi/students/jorge-roig/assignments/week17/index.html]
[fabacademy.org/2022/labs/cidi/students/jorge-roig/images/sample-photo.jpg]
[fabacademy.org/2022/labs/cidi/students/jorge-roig/about/index.html]
[fabacademy.org/2022/labs/cidi/students/jorge-roig/assignments/week01/index.html]
[fabacademy.org/2022/labs/cidi/students/jorge-roig/projects/final-project/index.html]
[fabacademy.org/2022/labs/cidi/students/jorge-roig/about/agreement/index.html]
[fabacademy.org/2022/labs/cidi/students/jorge-roig/assignments/week02/index.html]
[fabacademy.org/2022/labs/cidi/students/jorge-roig/assignments/week03/index.html]
[fabacademy.org/2022/labs/cidi/students/jorge-roig/assignments/week04/index.html]
[fabacademy.org/2022/labs/cidi/students/jorge-roig/assignments/week05/index.html]
[fabacademy.org/2022/labs/cidi/students/jorge-roig/assignments/week06/index.html]
[fabacademy.org/2022/labs/cidi/students/jorge-roig/assignments/week07/index.html]
[fabacademy.org/2022/labs/cidi/students/jorge-roig/assignments/week08/index.html]
[fabacademy.org/2022/labs/cidi/students/jorge-roig/assignments/week09/index.html]
[fabacademy.org/2022/labs/cidi/students/jorge-roig/assignments/week10/index.html]
[fabacademy.org/2022/labs/cidi/students/jorge-roig/assignments/week11/index.html]
[fabacademy.org/2022/labs/cidi/students/jorge-roig/assignments/week12/index.html]
[fabacademy.org/2022/labs/cidi/students/jorge-roig/assignments/week13/index.html]
[fabacademy.org/2022/labs/cidi/students/jorge-roig/assignments/week14/index.html]
[fabacademy.org/2022/labs/cidi/students/jorge-roig/assignments/week15/index.html]
[fabacademy.org/2022/labs/cidi/students/jorge-roig/assignments/week16/index.html]
[fabacademy.org/2022/labs/cidi/students/jorge-roig/assignments/week17/index.html]
[fabacademy.org/2022/labs/cidi/students/jorge-roig/assignments/week18/index.html]
[fabacademy.org/2022/labs/cidi/students/jorge-roig/assignments/week19/index.html]
[fabacademy.org/2022/labs/cidi/students/jorge-roig/assignments/week19/index.html]
[fabacademy.org/2022/labs/cidi/students/jorge-roig/assignments/week20/index.html]
[fabacademy.org/2022/labs/cidi/students/jorge-roig/assignments/week20/index.html]
[fabacademy.org/2022/labs/cidi/students/jorge-roig/projects/sample-project/index.html]
[fabacademy.org/2022/labs/cidi/students/jorge-roig/projects/sample-project/index.html]
